<?xml version="1.0" encoding="UTF-8"?>
<!-- Generated by org.testng.reporters.JUnitReportReporter -->
<testsuite hostname="DESKTOP-LF4M6VB" failures="0" tests="1" name="runner.Runner" time="14.543" errors="0" timestamp="2023-04-18T19:54:23 WAT" skipped="0">
  <testcase classname="runner.Runner" name="runScenario" time="14.543"/>
  <system-out/>
</testsuite> <!-- runner.Runner -->
